{
  "RSpec": {
    "coverage": {
      "/Users/robertstringer/turing/2module/projects/book_club/spec/features/books/index_spec.rb": [
        1,
        null,
        1,
        1,
        1,
        null,
        null,
        null,
        null,
        1,
        null,
        null,
        null,
        null,
        null,
        null,
        1,
        null,
        1,
        1,
        1,
        1,
        null,
        1,
        1,
        1,
        1,
        null,
        null,
        null
      ],
      "/Users/robertstringer/turing/2module/projects/book_club/spec/rails_helper.rb": [
        null,
        1,
        1,
        1,
        null,
        1,
        1,
        null,
        null,
        null,
        null,
        null,
        null,
        null,
        null,
        null,
        null,
        null,
        null,
        null,
        null,
        null,
        null,
        null,
        null,
        null,
        1,
        1,
        null,
        0,
        0,
        null,
        1,
        null,
        1,
        null,
        null,
        null,
        null,
        1,
        null,
        null,
        null,
        null,
        null,
        null,
        null,
        null,
        null,
        null,
        null,
        null,
        null,
        null,
        1,
        null,
        null,
        1,
        null,
        null,
        null
      ],
      "/Users/robertstringer/turing/2module/projects/book_club/config/environment.rb": [
        null,
        1,
        null,
        null,
        1
      ],
      "/Users/robertstringer/turing/2module/projects/book_club/config/application.rb": [
        1,
        null,
        1,
        null,
        1,
        1,
        1,
        1,
        1,
        1,
        1,
        1,
        1,
        null,
        null,
        null,
        null,
        1,
        null,
        1,
        1,
        null,
        1,
        null,
        null,
        null,
        null,
        null,
        null,
        null,
        1,
        null,
        null
      ],
      "/Users/robertstringer/turing/2module/projects/book_club/config/boot.rb": [
        1,
        null,
        1,
        1
      ],
      "/Users/robertstringer/turing/2module/projects/book_club/config/environments/test.rb": [
        1,
        null,
        null,
        null,
        null,
        null,
        null,
        1,
        null,
        null,
        null,
        null,
        1,
        null,
        null,
        1,
        1,
        null,
        null,
        null,
        null,
        1,
        1,
        null,
        null,
        1,
        null,
        null,
        1,
        null,
        null,
        1,
        null,
        1,
        null,
        null,
        null,
        null,
        1,
        null,
        null,
        1,
        null,
        null,
        null,
        null
      ],
      "/Users/robertstringer/turing/2module/projects/book_club/config/initializers/application_controller_renderer.rb": [
        null,
        null,
        null,
        null,
        null,
        null,
        null,
        null
      ],
      "/Users/robertstringer/turing/2module/projects/book_club/config/initializers/assets.rb": [
        null,
        null,
        null,
        1,
        null,
        null,
        null,
        null,
        1,
        null,
        null,
        null,
        null,
        null
      ],
      "/Users/robertstringer/turing/2module/projects/book_club/config/initializers/backtrace_silencers.rb": [
        null,
        null,
        null,
        null,
        null,
        null,
        null
      ],
      "/Users/robertstringer/turing/2module/projects/book_club/config/initializers/content_security_policy.rb": [
        null,
        null,
        null,
        null,
        null,
        null,
        null,
        null,
        null,
        null,
        null,
        null,
        null,
        null,
        null,
        null,
        null,
        null,
        null,
        null,
        null,
        null,
        null,
        null,
        null
      ],
      "/Users/robertstringer/turing/2module/projects/book_club/config/initializers/cookies_serializer.rb": [
        null,
        null,
        null,
        null,
        1
      ],
      "/Users/robertstringer/turing/2module/projects/book_club/config/initializers/filter_parameter_logging.rb": [
        null,
        null,
        null,
        1
      ],
      "/Users/robertstringer/turing/2module/projects/book_club/config/initializers/inflections.rb": [
        null,
        null,
        null,
        null,
        null,
        null,
        null,
        null,
        null,
        null,
        null,
        null,
        null,
        null,
        null,
        null
      ],
      "/Users/robertstringer/turing/2module/projects/book_club/config/initializers/mime_types.rb": [
        null,
        null,
        null,
        null
      ],
      "/Users/robertstringer/turing/2module/projects/book_club/config/initializers/wrap_parameters.rb": [
        null,
        null,
        null,
        null,
        null,
        null,
        1,
        2,
        null,
        null,
        null,
        null,
        null,
        null
      ],
      "/Users/robertstringer/turing/2module/projects/book_club/config/routes.rb": [
        1,
        null,
        1,
        1,
        null,
        null
      ],
      "/Users/robertstringer/turing/2module/projects/book_club/app/helpers/application_helper.rb": [
        1,
        null
      ],
      "/Users/robertstringer/turing/2module/projects/book_club/spec/features/test_a_user_can_see_a_navbar_spec.rb": [
        1,
        null,
        1,
        1,
        1,
        null,
        1,
        null,
        1,
        null,
        1,
        1,
        null,
        1,
        null,
        1,
        null,
        1,
        1,
        null,
        null,
        null
      ],
      "/Users/robertstringer/turing/2module/projects/book_club/app/models/book.rb": [
        1,
        null
      ],
      "/Users/robertstringer/turing/2module/projects/book_club/app/models/application_record.rb": [
        1,
        1,
        null
      ],
      "/Users/robertstringer/turing/2module/projects/book_club/app/controllers/books_controller.rb": [
        1,
        1,
        3,
        null,
        null
      ],
      "/Users/robertstringer/turing/2module/projects/book_club/app/controllers/application_controller.rb": [
        1,
        null
      ]
    },
    "timestamp": 1553040968
  }
}
